[main 88952d7] 红学同人：《栊翠庵的雪》-20260412_075552
 4 files changed, 28 insertions(+)
 create mode 100644 short-stories/.index
 create mode 100644 short-stories/cron.log
 create mode 100644 "short-stories/\345\210\233\344\275\234\350\256\260\345\275\225.log"
 create mode 100644 "short-stories/\346\240\212\347\277\240\345\272\265\347\232\204\351\233\252.md"
[main 75fd0aa] 红学同人：《大观园的中秋夜》-20260412_080102
 4 files changed, 37 insertions(+), 1 deletion(-)
 create mode 100644 "short-stories/\345\244\247\350\247\202\345\233\255\347\232\204\344\270\255\347\247\213\345\244\234.md"
[main 79786ba] 红学同人：《稻香村的黄昏》-20260412_080604
 4 files changed, 34 insertions(+), 1 deletion(-)
 create mode 100644 "short-stories/\347\250\273\351\246\231\346\235\221\347\232\204\351\273\204\346\230\217.md"
[main 5d0a8d6] 红学同人：《潇湘馆的雨》-20260412_081106
 4 files changed, 34 insertions(+), 1 deletion(-)
 create mode 100644 "short-stories/\346\275\207\346\271\230\351\246\206\347\232\204\351\233\250.md"
[main ac3b7b0] 红学同人：《宝玉的梦》-20260412_081607
 4 files changed, 34 insertions(+), 1 deletion(-)
 create mode 100644 "short-stories/\345\256\235\347\216\211\347\232\204\346\242\246.md"
[main 29ac89c] 红学同人：《妙玉的茶》-20260412_082137
 4 files changed, 33 insertions(+), 1 deletion(-)
 create mode 100644 "short-stories/\345\246\231\347\216\211\347\232\204\350\214\266.md"
[main 1874809] 红学同人：《晴雯的扇子》-20260412_082648
 4 files changed, 34 insertions(+), 1 deletion(-)
 create mode 100644 "short-stories/\346\231\264\351\233\257\347\232\204\346\211\207\345\255\220.md"
[main 6791d84] 红学同人：《香菱的灯》-20260412_083218
 4 files changed, 33 insertions(+), 1 deletion(-)
 create mode 100644 "short-stories/\351\246\231\350\217\261\347\232\204\347\201\257.md"
[main dab5413] 红学同人：《龄官的戏》-20260412_083728
 4 files changed, 34 insertions(+), 1 deletion(-)
 create mode 100644 "short-stories/\351\276\204\345\256\230\347\232\204\346\210\217.md"
[main aef78ce] 红学同人：《小红的心事》-20260412_084238
 4 files changed, 34 insertions(+), 1 deletion(-)
 create mode 100644 "short-stories/\345\260\217\347\272\242\347\232\204\345\277\203\344\272\213.md"
[main f285965] 红学同人：《贾芸的求告》-20260412_084740
 4 files changed, 34 insertions(+), 1 deletion(-)
 create mode 100644 "short-stories/\350\264\276\350\212\270\347\232\204\346\261\202\345\221\212.md"
[main 8d636ec] 红学同人：《刘姥姥的眼泪》-20260412_085241
 4 files changed, 34 insertions(+), 1 deletion(-)
 create mode 100644 "short-stories/\345\210\230\345\247\245\345\247\245\347\232\204\347\234\274\346\263\252.md"
[main 3647f1d] 红学同人：《尤二姐的归宿》-20260412_085743
 4 files changed, 34 insertions(+), 1 deletion(-)
 create mode 100644 "short-stories/\345\260\244\344\272\214\345\247\220\347\232\204\345\275\222\345\256\277.md"
[main 0ee1cbe] 红学同人：《尤三姐的剑》-20260412_090253
 4 files changed, 34 insertions(+), 1 deletion(-)
 create mode 100644 "short-stories/\345\260\244\344\270\211\345\247\220\347\232\204\345\211\221.md"
