[2026-04-12 07:55] >>> 开始创作：栊翠庵的雪
fatal: unable to access 'https://github.com/robertquant/dream-of-red-chamber-continuation.git/': Recv failure: Connection reset by peer
[2026-04-12 07:55] Git push失败
[2026-04-12 07:55] <<< 完成：栊翠庵的雪
[2026-04-12 08:01] >>> 开始创作：大观园的中秋夜
To https://github.com/robertquant/dream-of-red-chamber-continuation.git
   88952d7..75fd0aa  main -> main
[2026-04-12 08:01] <<< 完成：大观园的中秋夜
[2026-04-12 08:06] >>> 开始创作：稻香村的黄昏
To https://github.com/robertquant/dream-of-red-chamber-continuation.git
   75fd0aa..79786ba  main -> main
[2026-04-12 08:06] <<< 完成：稻香村的黄昏
[2026-04-12 08:11] >>> 开始创作：潇湘馆的雨
To https://github.com/robertquant/dream-of-red-chamber-continuation.git
   79786ba..5d0a8d6  main -> main
[2026-04-12 08:11] <<< 完成：潇湘馆的雨
[2026-04-12 08:16] >>> 开始创作：宝玉的梦
[2026-04-12 08:16] Git push失败
[2026-04-12 08:16] <<< 完成：宝玉的梦
[2026-04-12 08:21] >>> 开始创作：妙玉的茶
fatal: unable to access 'https://github.com/robertquant/dream-of-red-chamber-continuation.git/': Recv failure: Connection reset by peer
[2026-04-12 08:21] Git push失败
[2026-04-12 08:21] <<< 完成：妙玉的茶
[2026-04-12 08:26] >>> 开始创作：晴雯的扇子
[2026-04-12 08:26] Git push失败
[2026-04-12 08:26] <<< 完成：晴雯的扇子
[2026-04-12 08:32] >>> 开始创作：香菱的灯
fatal: unable to access 'https://github.com/robertquant/dream-of-red-chamber-continuation.git/': Recv failure: Connection reset by peer
[2026-04-12 08:32] Git push失败
[2026-04-12 08:32] <<< 完成：香菱的灯
[2026-04-12 08:37] >>> 开始创作：龄官的戏
fatal: unable to access 'https://github.com/robertquant/dream-of-red-chamber-continuation.git/': Recv failure: Connection reset by peer
[2026-04-12 08:37] Git push失败
[2026-04-12 08:37] <<< 完成：龄官的戏
[2026-04-12 08:42] >>> 开始创作：小红的心事
